{
  "stats": {
    "suites": 3,
    "tests": 3,
    "passes": 3,
    "pending": 0,
    "failures": 0,
    "start": "2022-12-25T22:10:46.218Z",
    "end": "2022-12-25T22:11:02.446Z",
    "duration": 16228,
    "testsRegistered": 3,
    "passPercent": 100,
    "pendingPercent": 0,
    "other": 0,
    "hasOther": false,
    "skipped": 0,
    "hasSkipped": false
  },
  "results": [
    {
      "uuid": "422d5682-773e-44e4-9484-97cb08ec290f",
      "title": "",
      "fullFile": "cypress/e2e/TestOnTablet.js",
      "file": "cypress/e2e/TestOnTablet.js",
      "beforeHooks": [],
      "afterHooks": [],
      "tests": [],
      "suites": [
        {
          "uuid": "5aee1539-b177-4fc8-b1ee-f2f682e806d4",
          "title": "Quales Course Management Regression Test suite",
          "fullFile": "",
          "file": "",
          "beforeHooks": [],
          "afterHooks": [],
          "tests": [],
          "suites": [
            {
              "uuid": "daddc0e3-26a3-4006-883b-ca95e25a7e42",
              "title": "In app tests on Tablet",
              "fullFile": "",
              "file": "",
              "beforeHooks": [],
              "afterHooks": [],
              "tests": [
                {
                  "title": "Validate that users with valid credentials can login to the app successfully",
                  "fullTitle": "Quales Course Management Regression Test suite In app tests on Tablet Validate that users with valid credentials can login to the app successfully",
                  "timedOut": null,
                  "duration": 2251,
                  "state": "passed",
                  "speed": "fast",
                  "pass": true,
                  "fail": false,
                  "pending": false,
                  "context": null,
                  "code": "cy.log(\"Test successful login\");\n//Test successful login\ncy.checkCoursesDisplay({});",
                  "err": {},
                  "uuid": "bb3d4a4d-5b18-4d6a-bf61-95d4f50fcb9a",
                  "parentUUID": "daddc0e3-26a3-4006-883b-ca95e25a7e42",
                  "isHook": false,
                  "skipped": false
                },
                {
                  "title": "Validate that courses can be created successfully",
                  "fullTitle": "Quales Course Management Regression Test suite In app tests on Tablet Validate that courses can be created successfully",
                  "timedOut": null,
                  "duration": 3786,
                  "state": "passed",
                  "speed": "fast",
                  "pass": true,
                  "fail": false,
                  "pending": false,
                  "context": null,
                  "code": "cy.log(\"Test add courses\");\n//Test courses are added successfully.\ncy.addCourses({});",
                  "err": {},
                  "uuid": "01aa6e51-2f66-463d-9407-1f86e04a825d",
                  "parentUUID": "daddc0e3-26a3-4006-883b-ca95e25a7e42",
                  "isHook": false,
                  "skipped": false
                }
              ],
              "suites": [],
              "passes": [
                "bb3d4a4d-5b18-4d6a-bf61-95d4f50fcb9a",
                "01aa6e51-2f66-463d-9407-1f86e04a825d"
              ],
              "failures": [],
              "pending": [],
              "skipped": [],
              "duration": 6037,
              "root": false,
              "rootEmpty": false,
              "_timeout": 2000
            },
            {
              "uuid": "94d57325-52e3-4ec1-af71-994b3ef432ea",
              "title": "Tear Down",
              "fullFile": "",
              "file": "",
              "beforeHooks": [],
              "afterHooks": [],
              "tests": [
                {
                  "title": "Validate that users can logout of the app successfully",
                  "fullTitle": "Quales Course Management Regression Test suite Tear Down Validate that users can logout of the app successfully",
                  "timedOut": null,
                  "duration": 10131,
                  "state": "passed",
                  "speed": "slow",
                  "pass": true,
                  "fail": false,
                  "pending": false,
                  "context": null,
                  "code": "cy.log(\"Test logout\");\n//Test successful logout\ncy.clickLogout({});\ncy.assertLoginPage({});",
                  "err": {},
                  "uuid": "1f5f7447-d452-4198-a622-5cdf34e6e924",
                  "parentUUID": "94d57325-52e3-4ec1-af71-994b3ef432ea",
                  "isHook": false,
                  "skipped": false
                }
              ],
              "suites": [],
              "passes": [
                "1f5f7447-d452-4198-a622-5cdf34e6e924"
              ],
              "failures": [],
              "pending": [],
              "skipped": [],
              "duration": 10131,
              "root": false,
              "rootEmpty": false,
              "_timeout": 2000
            }
          ],
          "passes": [],
          "failures": [],
          "pending": [],
          "skipped": [],
          "duration": 0,
          "root": false,
          "rootEmpty": false,
          "_timeout": 2000
        }
      ],
      "passes": [],
      "failures": [],
      "pending": [],
      "skipped": [],
      "duration": 0,
      "root": true,
      "rootEmpty": true,
      "_timeout": 2000
    }
  ],
  "meta": {
    "mocha": {
      "version": "7.0.1"
    },
    "mochawesome": {
      "options": {
        "quiet": false,
        "reportFilename": "mochawesome",
        "saveHtml": true,
        "saveJson": true,
        "consoleReporter": "spec",
        "useInlineDiffs": false,
        "code": true
      },
      "version": "6.2.2"
    },
    "marge": {
      "options": null,
      "version": "5.2.0"
    }
  }
}