{
  "stats": {
    "suites": 3,
    "tests": 3,
    "passes": 3,
    "pending": 0,
    "failures": 0,
    "start": "2022-12-26T09:40:42.160Z",
    "end": "2022-12-26T09:41:01.067Z",
    "duration": 18907,
    "testsRegistered": 3,
    "passPercent": 100,
    "pendingPercent": 0,
    "other": 0,
    "hasOther": false,
    "skipped": 0,
    "hasSkipped": false
  },
  "results": [
    {
      "uuid": "bba59ca5-232e-4251-8e4d-e372200a0852",
      "title": "",
      "fullFile": "cypress/e2e/TestOnTablet.js",
      "file": "cypress/e2e/TestOnTablet.js",
      "beforeHooks": [],
      "afterHooks": [],
      "tests": [],
      "suites": [
        {
          "uuid": "15251b2b-0be9-47da-8372-f32837f2b6ae",
          "title": "Quales Course Management Regression Test suite",
          "fullFile": "",
          "file": "",
          "beforeHooks": [],
          "afterHooks": [],
          "tests": [],
          "suites": [
            {
              "uuid": "6720b4e9-4773-4c52-93b2-079a3f99c20b",
              "title": "In app tests on Tablet",
              "fullFile": "",
              "file": "",
              "beforeHooks": [],
              "afterHooks": [],
              "tests": [
                {
                  "title": "Validate that users with valid credentials can login to the app successfully",
                  "fullTitle": "Quales Course Management Regression Test suite In app tests on Tablet Validate that users with valid credentials can login to the app successfully",
                  "timedOut": null,
                  "duration": 4470,
                  "state": "passed",
                  "speed": "fast",
                  "pass": true,
                  "fail": false,
                  "pending": false,
                  "context": null,
                  "code": "cy.log(\"Test successful login\");\n//Test successful login\ncy.checkCoursesDisplay({});",
                  "err": {},
                  "uuid": "79007d58-839f-4ea9-ba22-5b3ef29d62a1",
                  "parentUUID": "6720b4e9-4773-4c52-93b2-079a3f99c20b",
                  "isHook": false,
                  "skipped": false
                },
                {
                  "title": "Validate that courses can be created successfully",
                  "fullTitle": "Quales Course Management Regression Test suite In app tests on Tablet Validate that courses can be created successfully",
                  "timedOut": null,
                  "duration": 4140,
                  "state": "passed",
                  "speed": "fast",
                  "pass": true,
                  "fail": false,
                  "pending": false,
                  "context": null,
                  "code": "cy.log(\"Test add courses\");\n//Test courses are added successfully.\ncy.addCourses({});",
                  "err": {},
                  "uuid": "d563b06a-4f3d-450b-946d-4d44b095c7dd",
                  "parentUUID": "6720b4e9-4773-4c52-93b2-079a3f99c20b",
                  "isHook": false,
                  "skipped": false
                }
              ],
              "suites": [],
              "passes": [
                "79007d58-839f-4ea9-ba22-5b3ef29d62a1",
                "d563b06a-4f3d-450b-946d-4d44b095c7dd"
              ],
              "failures": [],
              "pending": [],
              "skipped": [],
              "duration": 8610,
              "root": false,
              "rootEmpty": false,
              "_timeout": 2000
            },
            {
              "uuid": "a28c5a46-f1bb-450e-89dd-409eb3009e42",
              "title": "Tear Down",
              "fullFile": "",
              "file": "",
              "beforeHooks": [],
              "afterHooks": [],
              "tests": [
                {
                  "title": "Validate that users can logout of the app successfully",
                  "fullTitle": "Quales Course Management Regression Test suite Tear Down Validate that users can logout of the app successfully",
                  "timedOut": null,
                  "duration": 10230,
                  "state": "passed",
                  "speed": "slow",
                  "pass": true,
                  "fail": false,
                  "pending": false,
                  "context": null,
                  "code": "cy.log(\"Test logout\");\n//Test successful logout\ncy.clickLogout({});\ncy.assertLoginPage({});",
                  "err": {},
                  "uuid": "9fd52703-f951-4051-bd62-478ba55ed246",
                  "parentUUID": "a28c5a46-f1bb-450e-89dd-409eb3009e42",
                  "isHook": false,
                  "skipped": false
                }
              ],
              "suites": [],
              "passes": [
                "9fd52703-f951-4051-bd62-478ba55ed246"
              ],
              "failures": [],
              "pending": [],
              "skipped": [],
              "duration": 10230,
              "root": false,
              "rootEmpty": false,
              "_timeout": 2000
            }
          ],
          "passes": [],
          "failures": [],
          "pending": [],
          "skipped": [],
          "duration": 0,
          "root": false,
          "rootEmpty": false,
          "_timeout": 2000
        }
      ],
      "passes": [],
      "failures": [],
      "pending": [],
      "skipped": [],
      "duration": 0,
      "root": true,
      "rootEmpty": true,
      "_timeout": 2000
    }
  ],
  "meta": {
    "mocha": {
      "version": "7.0.1"
    },
    "mochawesome": {
      "options": {
        "quiet": false,
        "reportFilename": "mochawesome",
        "saveHtml": true,
        "saveJson": true,
        "consoleReporter": "spec",
        "useInlineDiffs": false,
        "code": true
      },
      "version": "6.2.2"
    },
    "marge": {
      "options": null,
      "version": "5.2.0"
    }
  }
}